06/29/2021 16:53:05 INICIANDO...
06/29/2021 16:53:05 2.6.0.11
06/29/2021 16:53:05 Usuário: MARKIM(Administrador)
06/29/2021 16:53:05 Versão do Sistema Operacional: 6.2.9200
06/29/2021 16:53:05 64 Bits: true
06/29/2021 16:53:05 Versão do Firefox.  ( 0.7 )
06/29/2021 16:53:05 UAC: Ativado
06/29/2021 16:53:05 Verificando se Firefox está instalado...
06/29/2021 16:53:05 Firefox não instalado.
06/29/2021 16:53:05 [Verificando Ambiente] Verificando...
06/29/2021 16:53:05 [Verificando Ambiente] Ativando Transport Layer Security (TLS)
06/29/2021 16:53:05 [Verificando Ambiente] Ok.
06/29/2021 16:53:05 [Arquivo hosts] Verificando...
06/29/2021 16:53:05 [Arquivo hosts] Ok.
06/29/2021 16:53:05 [Instalação de certificados raiz] Verificando...
06/29/2021 16:53:05 [Instalação de certificados raiz] Efetuando download do instalador...
06/29/2021 16:53:06 [Instalação de certificados raiz] Instalando...
06/29/2021 16:53:06 [Instalação de certificados raiz] Ok.
06/29/2021 16:53:06 [Terminal Services] Verificando...
06/29/2021 16:53:06 [Terminal Services] Ok.
06/29/2021 16:53:06 [Limpeza do cache IE] Verificando...
06/29/2021 16:53:06 [Limpeza do cache IE] Limpando...
06/29/2021 16:53:06 [Limpeza do cache IE] Ok.
06/29/2021 16:53:06 [Instalando Módulo de Segurança] Verificando...
06/29/2021 16:53:06 [Instalando Módulo de Segurança] Efetuando download do instalador...
06/29/2021 16:53:09 [Instalando Módulo de Segurança] Instalando...
06/29/2021 16:53:19 [Instalando Módulo de Segurança] Ok.
06/29/2021 16:53:19 [Preparando Ambiente] Verificando...
06/29/2021 16:53:19 [Preparando Ambiente] Ok.
06/29/2021 16:53:19 [Configurações do Módulo de Segurança] Verificando...
06/29/2021 16:53:19 [Configurações do Módulo de Segurança] Ok.
06/29/2021 16:53:19 [Instalando configurações da CAIXA] Verificando...
06/29/2021 16:53:32 [Instalando configurações da CAIXA] Ok.
06/29/2021 16:53:32 [Ajustando ambiente] Verificando...
06/29/2021 16:53:32 [Ajustando ambiente] Ok.
06/29/2021 16:53:32 [Concluindo execucao] Verificando...
06/29/2021 16:53:42 [Concluindo execucao] CONCLUÍDO.
06/29/2021 16:53:42 CONCLUÍDO.
